Base path: C:/Program Files/Unity5/Editor/Data
Pipe name: \\.\pipe\UnityShaderCompiler-64bit-1-895900
Cmd: getPlatforms
Cmd: compileSnippet
  api=4 type=0 insize=57822 outsize=3809 kw=DIRECTIONAL SHADOWS_SCREEN LIGHTMAP_OFF DIRLIGHTMAP_OFF DYNAMICLIGHTMAP_OFF TCP2_LIGHTMAP pd= ok=1
Cmd: compileSnippet
  api=4 type=1 insize=57822 outsize=2663 kw=DIRECTIONAL SHADOWS_SCREEN LIGHTMAP_OFF DIRLIGHTMAP_OFF DYNAMICLIGHTMAP_OFF TCP2_LIGHTMAP pd= ok=1
Cmd: compileSnippet
  api=4 type=0 insize=57822 outsize=3419 kw=DIRECTIONAL SHADOWS_OFF LIGHTMAP_OFF DIRLIGHTMAP_OFF DYNAMICLIGHTMAP_OFF TCP2_LIGHTMAP pd= ok=1
Cmd: compileSnippet
  api=4 type=1 insize=57822 outsize=2346 kw=DIRECTIONAL SHADOWS_OFF LIGHTMAP_OFF DIRLIGHTMAP_OFF DYNAMICLIGHTMAP_OFF TCP2_LIGHTMAP pd= ok=1
Cmd: compileSnippet
  api=4 type=0 insize=57846 outsize=3419 kw=DIRECTIONAL SHADOWS_OFF LIGHTMAP_OFF DIRLIGHTMAP_OFF DYNAMICLIGHTMAP_OFF TCP2_LIGHTMAP pd= ok=1
Cmd: compileSnippet
  api=4 type=1 insize=57846 outsize=2346 kw=DIRECTIONAL SHADOWS_OFF LIGHTMAP_OFF DIRLIGHTMAP_OFF DYNAMICLIGHTMAP_OFF TCP2_LIGHTMAP pd= ok=1
Cmd: compileSnippet
  api=4 type=0 insize=36042 outsize=2753 kw=DIRECTIONAL TCP2_LIGHTMAP pd= ok=1
Cmd: compileSnippet
  api=4 type=1 insize=36042 outsize=2200 kw=DIRECTIONAL TCP2_LIGHTMAP pd= ok=1
Cmd: compileSnippet
  api=4 type=0 insize=57846 outsize=3809 kw=DIRECTIONAL SHADOWS_SCREEN LIGHTMAP_OFF DIRLIGHTMAP_OFF DYNAMICLIGHTMAP_OFF TCP2_LIGHTMAP pd= ok=1
Cmd: compileSnippet
  api=4 type=1 insize=57846 outsize=2663 kw=DIRECTIONAL SHADOWS_SCREEN LIGHTMAP_OFF DIRLIGHTMAP_OFF DYNAMICLIGHTMAP_OFF TCP2_LIGHTMAP pd= ok=1
Cmd: compileSnippet
  api=4 type=0 insize=123970 outsize=3801 kw=DIRECTIONAL SHADOWS_OFF LIGHTMAP_OFF DIRLIGHTMAP_OFF DYNAMICLIGHTMAP_OFF TCP2_LIGHTMAP TCP2_SPEC pd= ok=1
Cmd: compileSnippet
  api=4 type=1 insize=123970 outsize=3533 kw=DIRECTIONAL SHADOWS_OFF LIGHTMAP_OFF DIRLIGHTMAP_OFF DYNAMICLIGHTMAP_OFF TCP2_LIGHTMAP TCP2_SPEC pd= ok=1
Cmd: compileSnippet
  api=4 type=0 insize=76298 outsize=2753 kw=DIRECTIONAL TCP2_LIGHTMAP TCP2_SPEC pd= ok=1
Cmd: compileSnippet
  api=4 type=1 insize=76298 outsize=3338 kw=DIRECTIONAL TCP2_LIGHTMAP TCP2_SPEC pd= ok=1
Cmd: compileSnippet
  api=4 type=0 insize=123970 outsize=4191 kw=DIRECTIONAL SHADOWS_SCREEN LIGHTMAP_OFF DIRLIGHTMAP_OFF DYNAMICLIGHTMAP_OFF TCP2_LIGHTMAP TCP2_SPEC pd= ok=1
Cmd: compileSnippet
  api=4 type=1 insize=123970 outsize=3906 kw=DIRECTIONAL SHADOWS_SCREEN LIGHTMAP_OFF DIRLIGHTMAP_OFF DYNAMICLIGHTMAP_OFF TCP2_LIGHTMAP TCP2_SPEC pd= ok=1
Cmd: compileSnippet
  api=4 type=0 insize=57846 outsize=4646 kw=DIRECTIONAL SHADOWS_OFF LIGHTMAP_OFF DIRLIGHTMAP_OFF DYNAMICLIGHTMAP_OFF TCP2_LIGHTMAP TCP2_BUMP pd= ok=1
Cmd: compileSnippet
  api=4 type=1 insize=57846 outsize=3134 kw=DIRECTIONAL SHADOWS_OFF LIGHTMAP_OFF DIRLIGHTMAP_OFF DYNAMICLIGHTMAP_OFF TCP2_LIGHTMAP TCP2_BUMP pd= ok=1
Cmd: compileSnippet
  api=4 type=0 insize=36042 outsize=4020 kw=DIRECTIONAL TCP2_LIGHTMAP TCP2_BUMP pd= ok=1
Cmd: compileSnippet
  api=4 type=1 insize=36042 outsize=2988 kw=DIRECTIONAL TCP2_LIGHTMAP TCP2_BUMP pd= ok=1
Cmd: compileSnippet
  api=4 type=0 insize=57846 outsize=5036 kw=DIRECTIONAL SHADOWS_SCREEN LIGHTMAP_OFF DIRLIGHTMAP_OFF DYNAMICLIGHTMAP_OFF TCP2_LIGHTMAP TCP2_BUMP pd= ok=1
Cmd: compileSnippet
  api=4 type=1 insize=57846 outsize=3451 kw=DIRECTIONAL SHADOWS_SCREEN LIGHTMAP_OFF DIRLIGHTMAP_OFF DYNAMICLIGHTMAP_OFF TCP2_LIGHTMAP TCP2_BUMP pd= ok=1
